<?xml version="1.0" encoding="UTF-8"?>
<!-- Generated by org.testng.reporters.JUnitReportReporter -->
<testsuite skipped="0" hostname="LAPTOP-A80TIGBD" name="zoopla.uk.myrunner.Test3" tests="1" failures="0" timestamp="12 Nov 2020 06:43:17 GMT" time="0.001" errors="0">
  <testcase name="testCase3" time="0.001" classname="zoopla.uk.myrunner.Test3"/>
</testsuite> <!-- zoopla.uk.myrunner.Test3 -->
