<?xml version="1.0" encoding="UTF-8"?>
<!-- Generated by org.testng.reporters.JUnitReportReporter -->
<testsuite skipped="0" hostname="LAPTOP-A80TIGBD" name="testNg.DataProviderTest" tests="2" failures="0" timestamp="12 Nov 2020 07:28:07 GMT" time="19.972" errors="0">
  <testcase name="test" time="9.616" classname="testNg.DataProviderTest"/>
  <testcase name="test" time="10.356" classname="testNg.DataProviderTest"/>
</testsuite> <!-- testNg.DataProviderTest -->
