<?xml version="1.0" encoding="UTF-8"?>
<!-- Generated by org.testng.reporters.JUnitReportReporter -->
<testsuite skipped="0" hostname="LAPTOP-A80TIGBD" name="zoopla.uk.stepdefination.LoginStepDefination" tests="1" failures="0" timestamp="03 Nov 2020 15:52:52 GMT" time="0.019" errors="0">
  <testcase name="feature" time="0.019" classname="zoopla.uk.stepdefination.LoginStepDefination"/>
</testsuite> <!-- zoopla.uk.stepdefination.LoginStepDefination -->
