<?xml version="1.0" encoding="UTF-8"?>
<!-- Generated by org.testng.reporters.JUnitReportReporter -->
<testsuite skipped="0" hostname="LAPTOP-A80TIGBD" name="zoopla.uk.myrunner.Test1" tests="1" failures="0" timestamp="12 Nov 2020 06:44:07 GMT" time="0.014" errors="0">
  <testcase name="testcase1" time="0.014" classname="zoopla.uk.myrunner.Test1"/>
</testsuite> <!-- zoopla.uk.myrunner.Test1 -->
